This is pdfTeX, Version 3.141592653-2.6-1.40.24 (TeX Live 2022) (preloaded format=pdflatex 2023.2.14)  13 JUN 2025 22:21
entering extended mode
 restricted \write18 enabled.
 file:line:error style messages enabled.
 %&-line parsing enabled.
**"/Users/marektatyrek/SynologyDrive/TECHNIC/SCHOOL/VUT/PŘEDMĚTY/8.SEMESTR/EMBEDDED REAL TIME CONTROL/report_template/report_template.tex"
(/Users/marektatyrek/SynologyDrive/TECHNIC/SCHOOL/VUT/PŘEDMĚTY/8.SEMESTR/EMBEDDED REAL TIME CONTROL/report_template/report_template.tex
LaTeX2e <2021-11-15> patch level 1
L3 programming layer <2022-02-24> (/usr/local/texlive/2022/texmf-dist/tex/latex/base/article.cls
Document Class: article 2021/10/04 v1.4n Standard LaTeX document class
(/usr/local/texlive/2022/texmf-dist/tex/latex/base/size10.clo
File: size10.clo 2021/10/04 v1.4n Standard LaTeX file (size option)
)
\c@part=\count185
\c@section=\count186
\c@subsection=\count187
\c@subsubsection=\count188
\c@paragraph=\count189
\c@subparagraph=\count190
\c@figure=\count191
\c@table=\count192
\abovecaptionskip=\skip47
\belowcaptionskip=\skip48
\bibindent=\dimen138
) (/usr/local/texlive/2022/texmf-dist/tex/generic/babel/babel.sty
Package: babel 2022/02/26 3.73 The Babel package
\babel@savecnt=\count193
\U@D=\dimen139
\l@unhyphenated=\language87
 (/usr/local/texlive/2022/texmf-dist/tex/generic/babel/txtbabel.def)
\bbl@readstream=\read2
\bbl@dirlevel=\count194
 (/usr/local/texlive/2022/texmf-dist/tex/generic/babel-english/english.ldf
Language: english 2017/06/06 v3.3r English support from the babel system
Package babel Info: Hyphen rules for 'canadian' set to \l@english
(babel)             (\language0). Reported on input line 102.
Package babel Info: Hyphen rules for 'australian' set to \l@ukenglish
(babel)             (\language21). Reported on input line 105.
Package babel Info: Hyphen rules for 'newzealand' set to \l@ukenglish
(babel)             (\language21). Reported on input line 108.
)) (/usr/local/texlive/2022/texmf-dist/tex/latex/base/fontenc.sty
Package: fontenc 2021/04/29 v2.0v Standard LaTeX package
) (/usr/local/texlive/2022/texmf-dist/tex/latex/base/inputenc.sty
Package: inputenc 2021/02/14 v1.3d Input encoding file
\inpenc@prehook=\toks16
\inpenc@posthook=\toks17
 (/usr/local/texlive/2022/texmf-dist/tex/latex/ucs/utf8x.def
File: utf8x.def 2004/10/17 UCS: Input encoding UTF-8
)) (/usr/local/texlive/2022/texmf-dist/tex/latex/ucs/ucs.sty
Package: ucs 2013/05/11 v2.2 UCS: Unicode input support
 (/usr/local/texlive/2022/texmf-dist/tex/latex/ucs/data/uni-global.def
File: uni-global.def 2013/05/13 UCS: Unicode global data
)
\uc@secondtry=\count195
\uc@combtoks=\toks18
\uc@combtoksb=\toks19
\uc@temptokena=\toks20
) (/usr/local/texlive/2022/texmf-dist/tex/latex/float/float.sty
Package: float 2001/11/08 v1.3d Float enhancements (AL)
\c@float@type=\count196
\float@exts=\toks21
\float@box=\box50
\@float@everytoks=\toks22
\@floatcapt=\box51
) (/usr/local/texlive/2022/texmf-dist/tex/latex/graphics/graphicx.sty
Package: graphicx 2021/09/16 v1.2d Enhanced LaTeX Graphics (DPC,SPQR)
 (/usr/local/texlive/2022/texmf-dist/tex/latex/graphics/keyval.sty
Package: keyval 2014/10/28 v1.15 key=value parser (DPC)
\KV@toks@=\toks23
) (/usr/local/texlive/2022/texmf-dist/tex/latex/graphics/graphics.sty
Package: graphics 2021/03/04 v1.4d Standard LaTeX Graphics (DPC,SPQR)
 (/usr/local/texlive/2022/texmf-dist/tex/latex/graphics/trig.sty
Package: trig 2021/08/11 v1.11 sin cos tan (DPC)
) (/usr/local/texlive/2022/texmf-dist/tex/latex/graphics-cfg/graphics.cfg
File: graphics.cfg 2016/06/04 v1.11 sample graphics configuration
)
Package graphics Info: Driver file: pdftex.def on input line 107.
 (/usr/local/texlive/2022/texmf-dist/tex/latex/graphics-def/pdftex.def
File: pdftex.def 2020/10/05 v1.2a Graphics/color driver for pdftex
))
\Gin@req@height=\dimen140
\Gin@req@width=\dimen141
) (/usr/local/texlive/2022/texmf-dist/tex/latex/geometry/geometry.sty
Package: geometry 2020/01/02 v5.9 Page Geometry
 (/usr/local/texlive/2022/texmf-dist/tex/generic/iftex/ifvtex.sty
Package: ifvtex 2019/10/25 v1.7 ifvtex legacy package. Use iftex instead.
 (/usr/local/texlive/2022/texmf-dist/tex/generic/iftex/iftex.sty
Package: iftex 2022/02/03 v1.0f TeX engine tests
))
\Gm@cnth=\count197
\Gm@cntv=\count198
\c@Gm@tempcnt=\count199
\Gm@bindingoffset=\dimen142
\Gm@wd@mp=\dimen143
\Gm@odd@mp=\dimen144
\Gm@even@mp=\dimen145
\Gm@layoutwidth=\dimen146
\Gm@layoutheight=\dimen147
\Gm@layouthoffset=\dimen148
\Gm@layoutvoffset=\dimen149
\Gm@dimlist=\toks24
) (/usr/local/texlive/2022/texmf-dist/tex/latex/enumitem/enumitem.sty
Package: enumitem 2019/06/20 v3.9 Customized lists
\labelindent=\skip49
\enit@outerparindent=\dimen150
\enit@toks=\toks25
\enit@inbox=\box52
\enit@count@id=\count266
\enitdp@description=\count267
) (/usr/local/texlive/2022/texmf-dist/tex/latex/subfig/subfig.sty
Package: subfig 2005/06/28 ver: 1.3 subfig package
 (/usr/local/texlive/2022/texmf-dist/tex/latex/caption/caption.sty
Package: caption 2022/03/01 v3.6b Customizing captions (AR)
 (/usr/local/texlive/2022/texmf-dist/tex/latex/caption/caption3.sty
Package: caption3 2022/03/17 v2.3b caption3 kernel (AR)
\caption@tempdima=\dimen151
\captionmargin=\dimen152
\caption@leftmargin=\dimen153
\caption@rightmargin=\dimen154
\caption@width=\dimen155
\caption@indent=\dimen156
\caption@parindent=\dimen157
\caption@hangindent=\dimen158
Package caption Info: Standard document class detected.
)
\c@caption@flags=\count268
\c@continuedfloat=\count269
Package caption Info: float package is loaded.
)
\c@KVtest=\count270
\sf@farskip=\skip50
\sf@captopadj=\dimen159
\sf@capskip=\skip51
\sf@nearskip=\skip52
\c@subfigure=\count271
\c@subfigure@save=\count272
\c@lofdepth=\count273
\c@subtable=\count274
\c@subtable@save=\count275
\c@lotdepth=\count276
\sf@top=\skip53
\sf@bottom=\skip54
) (/usr/local/texlive/2022/texmf-dist/tex/latex/amscls/amsthm.sty
Package: amsthm 2020/05/29 v2.20.6
\thm@style=\toks26
\thm@bodyfont=\toks27
\thm@headfont=\toks28
\thm@notefont=\toks29
\thm@headpunct=\toks30
\thm@preskip=\skip55
\thm@postskip=\skip56
\thm@headsep=\skip57
\dth@everypar=\toks31
) (/usr/local/texlive/2022/texmf-dist/tex/latex/amsmath/amsmath.sty
Package: amsmath 2021/10/15 v2.17l AMS math features
\@mathmargin=\skip58

For additional information on amsmath, use the `?' option.
(/usr/local/texlive/2022/texmf-dist/tex/latex/amsmath/amstext.sty
Package: amstext 2021/08/26 v2.01 AMS text
 (/usr/local/texlive/2022/texmf-dist/tex/latex/amsmath/amsgen.sty
File: amsgen.sty 1999/11/30 v2.0 generic functions
\@emptytoks=\toks32
\ex@=\dimen160
)) (/usr/local/texlive/2022/texmf-dist/tex/latex/amsmath/amsbsy.sty
Package: amsbsy 1999/11/29 v1.2d Bold Symbols
\pmbraise@=\dimen161
) (/usr/local/texlive/2022/texmf-dist/tex/latex/amsmath/amsopn.sty
Package: amsopn 2021/08/26 v2.02 operator names
)
\inf@bad=\count277
LaTeX Info: Redefining \frac on input line 234.
\uproot@=\count278
\leftroot@=\count279
LaTeX Info: Redefining \overline on input line 399.
\classnum@=\count280
\DOTSCASE@=\count281
LaTeX Info: Redefining \ldots on input line 496.
LaTeX Info: Redefining \dots on input line 499.
LaTeX Info: Redefining \cdots on input line 620.
\Mathstrutbox@=\box53
\strutbox@=\box54
\big@size=\dimen162
LaTeX Font Info:    Redeclaring font encoding OML on input line 743.
LaTeX Font Info:    Redeclaring font encoding OMS on input line 744.
\macc@depth=\count282
\c@MaxMatrixCols=\count283
\dotsspace@=\muskip16
\c@parentequation=\count284
\dspbrk@lvl=\count285
\tag@help=\toks33
\row@=\count286
\column@=\count287
\maxfields@=\count288
\andhelp@=\toks34
\eqnshift@=\dimen163
\alignsep@=\dimen164
\tagshift@=\dimen165
\tagwidth@=\dimen166
\totwidth@=\dimen167
\lineht@=\dimen168
\@envbody=\toks35
\multlinegap=\skip59
\multlinetaggap=\skip60
\mathdisplay@stack=\toks36
LaTeX Info: Redefining \[ on input line 2938.
LaTeX Info: Redefining \] on input line 2939.
) (/usr/local/texlive/2022/texmf-dist/tex/latex/epstopdf-pkg/epstopdf.sty
Package: epstopdf 2020-01-24 v2.11 Conversion with epstopdf on the fly (HO)
 (/usr/local/texlive/2022/texmf-dist/tex/generic/infwarerr/infwarerr.sty
Package: infwarerr 2019/12/03 v1.5 Providing info/warning/error messages (HO)
) (/usr/local/texlive/2022/texmf-dist/tex/latex/grfext/grfext.sty
Package: grfext 2019/12/03 v1.3 Manage graphics extensions (HO)
 (/usr/local/texlive/2022/texmf-dist/tex/generic/kvdefinekeys/kvdefinekeys.sty
Package: kvdefinekeys 2019-12-19 v1.6 Define keys (HO)
)) (/usr/local/texlive/2022/texmf-dist/tex/latex/kvoptions/kvoptions.sty
Package: kvoptions 2020-10-07 v3.14 Key value format for package options (HO)
 (/usr/local/texlive/2022/texmf-dist/tex/generic/ltxcmds/ltxcmds.sty
Package: ltxcmds 2020-05-10 v1.25 LaTeX kernel commands for general use (HO)
) (/usr/local/texlive/2022/texmf-dist/tex/generic/kvsetkeys/kvsetkeys.sty
Package: kvsetkeys 2019/12/15 v1.18 Key value parser (HO)
)) (/usr/local/texlive/2022/texmf-dist/tex/generic/pdftexcmds/pdftexcmds.sty
Package: pdftexcmds 2020-06-27 v0.33 Utility functions of pdfTeX for LuaTeX (HO)
Package pdftexcmds Info: \pdf@primitive is available.
Package pdftexcmds Info: \pdf@ifprimitive is available.
Package pdftexcmds Info: \pdfdraftmode found.
) (/usr/local/texlive/2022/texmf-dist/tex/latex/epstopdf-pkg/epstopdf-base.sty
Package: epstopdf-base 2020-01-24 v2.11 Base part for package epstopdf
Package epstopdf-base Info: Redefining graphics rule for `.eps' on input line 485.
Package grfext Info: Graphics extension search list:
(grfext)             [.pdf,.png,.jpg,.mps,.jpeg,.jbig2,.jb2,.PDF,.PNG,.JPG,.JPEG,.JBIG2,.JB2,.eps]
(grfext)             \AppendGraphicsExtensions on input line 504.
 (/usr/local/texlive/2022/texmf-dist/tex/latex/latexconfig/epstopdf-sys.cfg
File: epstopdf-sys.cfg 2010/07/13 v1.3 Configuration of (r)epstopdf for TeX Live
))) (/usr/local/texlive/2022/texmf-dist/tex/latex/fancyhdr/fancyhdr.sty
Package: fancyhdr 2021/01/28 v4.0.1 Extensive control of page headers and footers
\f@nch@headwidth=\skip61
\f@nch@O@elh=\skip62
\f@nch@O@erh=\skip63
\f@nch@O@olh=\skip64
\f@nch@O@orh=\skip65
\f@nch@O@elf=\skip66
\f@nch@O@erf=\skip67
\f@nch@O@olf=\skip68
\f@nch@O@orf=\skip69
) (/usr/local/texlive/2022/texmf-dist/tex/latex/booktabs/booktabs.sty
Package: booktabs 2020/01/12 v1.61803398 Publication quality tables
\heavyrulewidth=\dimen169
\lightrulewidth=\dimen170
\cmidrulewidth=\dimen171
\belowrulesep=\dimen172
\belowbottomsep=\dimen173
\aboverulesep=\dimen174
\abovetopsep=\dimen175
\cmidrulesep=\dimen176
\cmidrulekern=\dimen177
\defaultaddspace=\dimen178
\@cmidla=\count289
\@cmidlb=\count290
\@aboverulesep=\dimen179
\@belowrulesep=\dimen180
\@thisruleclass=\count291
\@lastruleclass=\count292
\@thisrulewidth=\dimen181
) (/usr/local/texlive/2022/texmf-dist/tex/latex/tools/array.sty
Package: array 2021/10/04 v2.5f Tabular extension package (FMi)
\col@sep=\dimen182
\ar@mcellbox=\box55
\extrarowheight=\dimen183
\NC@list=\toks37
\extratabsurround=\skip70
\backup@length=\skip71
\ar@cellbox=\box56
) (/usr/local/texlive/2022/texmf-dist/tex/latex/hyperref/hyperref.sty
Package: hyperref 2022-02-21 v7.00n Hypertext links for LaTeX
 (/usr/local/texlive/2022/texmf-dist/tex/generic/pdfescape/pdfescape.sty
Package: pdfescape 2019/12/09 v1.15 Implements pdfTeX's escape features (HO)
) (/usr/local/texlive/2022/texmf-dist/tex/latex/hycolor/hycolor.sty
Package: hycolor 2020-01-27 v1.10 Color options for hyperref/bookmark (HO)
) (/usr/local/texlive/2022/texmf-dist/tex/latex/letltxmacro/letltxmacro.sty
Package: letltxmacro 2019/12/03 v1.6 Let assignment for LaTeX macros (HO)
) (/usr/local/texlive/2022/texmf-dist/tex/latex/auxhook/auxhook.sty
Package: auxhook 2019-12-17 v1.6 Hooks for auxiliary files (HO)
)
\@linkdim=\dimen184
\Hy@linkcounter=\count293
\Hy@pagecounter=\count294
 (/usr/local/texlive/2022/texmf-dist/tex/latex/hyperref/pd1enc.def
File: pd1enc.def 2022-02-21 v7.00n Hyperref: PDFDocEncoding definition (HO)
) (/usr/local/texlive/2022/texmf-dist/tex/generic/intcalc/intcalc.sty
Package: intcalc 2019/12/15 v1.3 Expandable calculations with integers (HO)
) (/usr/local/texlive/2022/texmf-dist/tex/generic/etexcmds/etexcmds.sty
Package: etexcmds 2019/12/15 v1.7 Avoid name clashes with e-TeX commands (HO)
)
\Hy@SavedSpaceFactor=\count295
 (/usr/local/texlive/2022/texmf-dist/tex/latex/hyperref/puenc.def
File: puenc.def 2022-02-21 v7.00n Hyperref: PDF Unicode definition (HO)
)
Package hyperref Info: Hyper figures OFF on input line 4137.
Package hyperref Info: Link nesting OFF on input line 4142.
Package hyperref Info: Hyper index ON on input line 4145.
Package hyperref Info: Plain pages OFF on input line 4152.
Package hyperref Info: Backreferencing OFF on input line 4157.
Package hyperref Info: Implicit mode ON; LaTeX internals redefined.
Package hyperref Info: Bookmarks ON on input line 4390.
\c@Hy@tempcnt=\count296
 (/usr/local/texlive/2022/texmf-dist/tex/latex/url/url.sty
\Urlmuskip=\muskip17
Package: url 2013/09/16  ver 3.4  Verb mode for urls, etc.
)
LaTeX Info: Redefining \url on input line 4749.
\XeTeXLinkMargin=\dimen185
 (/usr/local/texlive/2022/texmf-dist/tex/generic/bitset/bitset.sty
Package: bitset 2019/12/09 v1.3 Handle bit-vector datatype (HO)
 (/usr/local/texlive/2022/texmf-dist/tex/generic/bigintcalc/bigintcalc.sty
Package: bigintcalc 2019/12/15 v1.5 Expandable calculations on big integers (HO)
))
\Fld@menulength=\count297
\Field@Width=\dimen186
\Fld@charsize=\dimen187
Package hyperref Info: Hyper figures OFF on input line 6027.
Package hyperref Info: Link nesting OFF on input line 6032.
Package hyperref Info: Hyper index ON on input line 6035.
Package hyperref Info: backreferencing OFF on input line 6042.
Package hyperref Info: Link coloring OFF on input line 6047.
Package hyperref Info: Link coloring with OCG OFF on input line 6052.
Package hyperref Info: PDF/A mode OFF on input line 6057.
LaTeX Info: Redefining \ref on input line 6097.
LaTeX Info: Redefining \pageref on input line 6101.
 (/usr/local/texlive/2022/texmf-dist/tex/latex/base/atbegshi-ltx.sty
Package: atbegshi-ltx 2021/01/10 v1.0c Emulation of the original atbegshi
package with kernel methods
)
\Hy@abspage=\count298
\c@Item=\count299
\c@Hfootnote=\count300
)
Package hyperref Info: Driver (autodetected): hpdftex.
 (/usr/local/texlive/2022/texmf-dist/tex/latex/hyperref/hpdftex.def
File: hpdftex.def 2022-02-21 v7.00n Hyperref driver for pdfTeX
 (/usr/local/texlive/2022/texmf-dist/tex/latex/base/atveryend-ltx.sty
Package: atveryend-ltx 2020/08/19 v1.0a Emulation of the original atveryend package
with kernel methods
)
\Fld@listcount=\count301
\c@bookmark@seq@number=\count302
 (/usr/local/texlive/2022/texmf-dist/tex/latex/rerunfilecheck/rerunfilecheck.sty
Package: rerunfilecheck 2019/12/05 v1.9 Rerun checks for auxiliary files (HO)
 (/usr/local/texlive/2022/texmf-dist/tex/generic/uniquecounter/uniquecounter.sty
Package: uniquecounter 2019/12/15 v1.4 Provide unlimited unique counter (HO)
)
Package uniquecounter Info: New unique counter `rerunfilecheck' on input line 286.
)
\Hy@SectionHShift=\skip72
) (/usr/local/texlive/2022/texmf-dist/tex/latex/listings/listings.sty
\lst@mode=\count303
\lst@gtempboxa=\box57
\lst@token=\toks38
\lst@length=\count304
\lst@currlwidth=\dimen188
\lst@column=\count305
\lst@pos=\count306
\lst@lostspace=\dimen189
\lst@width=\dimen190
\lst@newlines=\count307
\lst@lineno=\count308
\lst@maxwidth=\dimen191
 (/usr/local/texlive/2022/texmf-dist/tex/latex/listings/lstmisc.sty
File: lstmisc.sty 2020/03/24 1.8d (Carsten Heinz)
\c@lstnumber=\count309
\lst@skipnumbers=\count310
\lst@framebox=\box58
) (/usr/local/texlive/2022/texmf-dist/tex/latex/listings/listings.cfg
File: listings.cfg 2020/03/24 1.8d listings configuration
))
Package: listings 2020/03/24 1.8d (Carsten Heinz)
 (/usr/local/texlive/2022/texmf-dist/tex/latex/xcolor/xcolor.sty
Package: xcolor 2021/10/31 v2.13 LaTeX color extensions (UK)
 (/usr/local/texlive/2022/texmf-dist/tex/latex/graphics-cfg/color.cfg
File: color.cfg 2016/01/02 v1.6 sample color configuration
)
Package xcolor Info: Driver file: pdftex.def on input line 227.
Package xcolor Info: Model `cmy' substituted by `cmy0' on input line 1352.
Package xcolor Info: Model `hsb' substituted by `rgb' on input line 1356.
Package xcolor Info: Model `RGB' extended on input line 1368.
Package xcolor Info: Model `HTML' substituted by `rgb' on input line 1370.
Package xcolor Info: Model `Hsb' substituted by `hsb' on input line 1371.
Package xcolor Info: Model `tHsb' substituted by `hsb' on input line 1372.
Package xcolor Info: Model `HSB' substituted by `hsb' on input line 1373.
Package xcolor Info: Model `Gray' substituted by `gray' on input line 1374.
Package xcolor Info: Model `wave' substituted by `hsb' on input line 1375.
) (/usr/local/texlive/2022/texmf-dist/tex/latex/l3backend/l3backend-pdftex.def
File: l3backend-pdftex.def 2022-02-07 L3 backend support: PDF output (pdfTeX)
\l__color_backend_stack_int=\count311
\l__pdf_internal_box=\box59
) (/Users/marektatyrek/SynologyDrive/TECHNIC/SCHOOL/VUT/PŘEDMĚTY/8.SEMESTR/EMBEDDED REAL TIME CONTROL/report_template/report_template.aux

LaTeX Warning: Label `lst.lab1.line' multiply defined.

)
\openout1 = `report_template.aux'.

LaTeX Font Info:    Checking defaults for OML/cmm/m/it on input line 40.
LaTeX Font Info:    ... okay on input line 40.
LaTeX Font Info:    Checking defaults for OMS/cmsy/m/n on input line 40.
LaTeX Font Info:    ... okay on input line 40.
LaTeX Font Info:    Checking defaults for OT1/cmr/m/n on input line 40.
LaTeX Font Info:    ... okay on input line 40.
LaTeX Font Info:    Checking defaults for T1/cmr/m/n on input line 40.
LaTeX Font Info:    ... okay on input line 40.
LaTeX Font Info:    Checking defaults for TS1/cmr/m/n on input line 40.
LaTeX Font Info:    ... okay on input line 40.
LaTeX Font Info:    Checking defaults for OMX/cmex/m/n on input line 40.
LaTeX Font Info:    ... okay on input line 40.
LaTeX Font Info:    Checking defaults for U/cmr/m/n on input line 40.
LaTeX Font Info:    ... okay on input line 40.
LaTeX Font Info:    Checking defaults for PD1/pdf/m/n on input line 40.
LaTeX Font Info:    ... okay on input line 40.
LaTeX Font Info:    Checking defaults for PU/pdf/m/n on input line 40.
LaTeX Font Info:    ... okay on input line 40.
 (/usr/local/texlive/2022/texmf-dist/tex/latex/ucs/ucsencs.def
File: ucsencs.def 2011/01/21 Fixes to fontencodings LGR, T3
) (/usr/local/texlive/2022/texmf-dist/tex/context/base/mkii/supp-pdf.mkii
[Loading MPS to PDF converter (version 2006.09.02).]
\scratchcounter=\count312
\scratchdimen=\dimen192
\scratchbox=\box60
\nofMPsegments=\count313
\nofMParguments=\count314
\everyMPshowfont=\toks39
\MPscratchCnt=\count315
\MPscratchDim=\dimen193
\MPnumerator=\count316
\makeMPintoPDFobject=\count317
\everyMPtoPDFconversion=\toks40
)
*geometry* driver: auto-detecting
*geometry* detected driver: pdftex
*geometry* verbose mode - [ preamble ] result:
* driver: pdftex
* paper: a4paper
* layout: <same size as paper>
* layoutoffset:(h,v)=(0.0pt,0.0pt)
* modes: 
* h-part:(L,W,R)=(56.9055pt, 483.69687pt, 56.9055pt)
* v-part:(T,H,B)=(56.9055pt, 731.23584pt, 56.9055pt)
* \paperwidth=597.50787pt
* \paperheight=845.04684pt
* \textwidth=483.69687pt
* \textheight=731.23584pt
* \oddsidemargin=-15.36449pt
* \evensidemargin=-15.36449pt
* \topmargin=-52.36449pt
* \headheight=12.0pt
* \headsep=25.0pt
* \topskip=10.0pt
* \footskip=30.0pt
* \marginparwidth=65.0pt
* \marginparsep=11.0pt
* \columnsep=10.0pt
* \skip\footins=9.0pt plus 4.0pt minus 2.0pt
* \hoffset=0.0pt
* \voffset=0.0pt
* \mag=1000
* \@twocolumnfalse
* \@twosidefalse
* \@mparswitchfalse
* \@reversemarginfalse
* (1in=72.27pt=25.4mm, 1cm=28.453pt)

Package caption Info: Begin \AtBeginDocument code.
Package caption Info: subfig package v1.3 is loaded.
Package caption Info: hyperref package is loaded.
Package caption Info: listings package is loaded.
Package caption Info: End \AtBeginDocument code.
Package hyperref Info: Link coloring OFF on input line 40.
(/usr/local/texlive/2022/texmf-dist/tex/latex/hyperref/nameref.sty
Package: nameref 2021-04-02 v2.47 Cross-referencing by name of section
 (/usr/local/texlive/2022/texmf-dist/tex/latex/refcount/refcount.sty
Package: refcount 2019/12/15 v3.6 Data extraction from label references (HO)
) (/usr/local/texlive/2022/texmf-dist/tex/generic/gettitlestring/gettitlestring.sty
Package: gettitlestring 2019/12/15 v1.6 Cleanup title references (HO)
)
\c@section@level=\count318
)
LaTeX Info: Redefining \ref on input line 40.
LaTeX Info: Redefining \pageref on input line 40.
LaTeX Info: Redefining \nameref on input line 40.
 (/Users/marektatyrek/SynologyDrive/TECHNIC/SCHOOL/VUT/PŘEDMĚTY/8.SEMESTR/EMBEDDED REAL TIME CONTROL/report_template/report_template.out) (/Users/marektatyrek/SynologyDrive/TECHNIC/SCHOOL/VUT/PŘEDMĚTY/8.SEMESTR/EMBEDDED REAL TIME CONTROL/report_template/report_template.out)
\@outlinefile=\write3
\openout3 = `report_template.out'.

\c@lstlisting=\count319
<figures/unipd-logo.png, id=76, 399.4925pt x 401.5pt>
File: figures/unipd-logo.png Graphic file (type png)
<use figures/unipd-logo.png>
Package pdftex.def Info: figures/unipd-logo.png  used on input line 58.
(pdftex.def)             Requested size: 227.62204pt x 228.76547pt.
 [1

{/usr/local/texlive/2022/texmf-var/fonts/map/pdftex/updmap/pdftex.map} </Users/marektatyrek/SynologyDrive/TECHNIC/SCHOOL/VUT/PŘEDMĚTY/8.SEMESTR/EMBEDDED REAL TIME CONTROL/report_template/figures/unipd-logo.png>] (/Users/marektatyrek/SynologyDrive/TECHNIC/SCHOOL/VUT/PŘEDMĚTY/8.SEMESTR/EMBEDDED REAL TIME CONTROL/report_template/report_template.toc)
\tf@toc=\write4
\openout4 = `report_template.toc'.


pdfTeX warning (ext4): destination with the same identifier (name{page.1}) has been already used, duplicate ignored
<to be read again> 
                   \relax 
l.74 \newpage
              [1] (/usr/local/texlive/2022/texmf-dist/tex/latex/ucs/data/uni-0.def
File: uni-0.def 2013/05/13 UCS: Unicode data U+0000..U+00FF
)
<figures/turtlebot_1.jpg, id=112, 1842.885pt x 3276.24pt>
File: figures/turtlebot_1.jpg Graphic file (type jpg)
<use figures/turtlebot_1.jpg>
Package pdftex.def Info: figures/turtlebot_1.jpg  used on input line 96.
(pdftex.def)             Requested size: 241.84843pt x 429.92546pt.
<figures/cube_ide.png, id=113, 1630.09pt x 995.72pt>
File: figures/cube_ide.png Graphic file (type png)
<use figures/cube_ide.png>
Package pdftex.def Info: figures/cube_ide.png  used on input line 103.
(pdftex.def)             Requested size: 483.69687pt x 295.4517pt.
 [2 </Users/marektatyrek/SynologyDrive/TECHNIC/SCHOOL/VUT/PŘEDMĚTY/8.SEMESTR/EMBEDDED REAL TIME CONTROL/report_template/figures/turtlebot_1.jpg>]

pdfTeX warning: pdflatex (file /Users/marektatyrek/SynologyDrive/TECHNIC/SCHOOL/VUT/PŘEDMĚTY/8.SEMESTR/EMBEDDED REAL TIME CONTROL/report_template/figures/config_stm_lab1.pdf): PDF inclusion: found PDF version <1.7>, but at most version <1.5> allowed
<figures/config_stm_lab1.pdf, id=123, 349.305pt x 151.5261pt>
File: figures/config_stm_lab1.pdf Graphic file (type pdf)
<use figures/config_stm_lab1.pdf>
Package pdftex.def Info: figures/config_stm_lab1.pdf  used on input line 115.
(pdftex.def)             Requested size: 386.95897pt x 167.86993pt.
<figures/sx1509.png, id=126, 433.62pt x 403.5075pt>
File: figures/sx1509.png Graphic file (type png)
<use figures/sx1509.png>
Package pdftex.def Info: figures/sx1509.png  used on input line 129.
(pdftex.def)             Requested size: 290.22107pt x 270.07771pt.
[3 </Users/marektatyrek/SynologyDrive/TECHNIC/SCHOOL/VUT/PŘEDMĚTY/8.SEMESTR/EMBEDDED REAL TIME CONTROL/report_template/figures/cube_ide.png> </Users/marektatyrek/SynologyDrive/TECHNIC/SCHOOL/VUT/PŘEDMĚTY/8.SEMESTR/EMBEDDED REAL TIME CONTROL/report_template/figures/config_stm_lab1.pdf>]
<figures/line_sensor.png, id=150, 396.48125pt x 510.90875pt>
File: figures/line_sensor.png Graphic file (type png)
<use figures/line_sensor.png>
Package pdftex.def Info: figures/line_sensor.png  used on input line 142.
(pdftex.def)             Requested size: 145.11053pt x 186.99077pt.
<figures/keypad.png, id=152, 249.93375pt x 231.86626pt>
File: figures/keypad.png Graphic file (type png)
<use figures/keypad.png>
Package pdftex.def Info: figures/keypad.png  used on input line 154.
(pdftex.def)             Requested size: 193.47578pt x 179.49635pt.
 [4 </Users/marektatyrek/SynologyDrive/TECHNIC/SCHOOL/VUT/PŘEDMĚTY/8.SEMESTR/EMBEDDED REAL TIME CONTROL/report_template/figures/sx1509.png> </Users/marektatyrek/SynologyDrive/TECHNIC/SCHOOL/VUT/PŘEDMĚTY/8.SEMESTR/EMBEDDED REAL TIME CONTROL/report_template/figures/line_sensor.png>] (/usr/local/texlive/2022/texmf-dist/tex/latex/listings/lstlang1.sty
File: lstlang1.sty 2020/03/24 1.8d listings language file
) (/usr/local/texlive/2022/texmf-dist/tex/latex/listings/lstmisc.sty
File: lstmisc.sty 2020/03/24 1.8d (Carsten Heinz)
)
Package hyperref Info: bookmark level for unknown lstlisting defaults to 0 on input line 205.
 [5 </Users/marektatyrek/SynologyDrive/TECHNIC/SCHOOL/VUT/PŘEDMĚTY/8.SEMESTR/EMBEDDED REAL TIME CONTROL/report_template/figures/keypad.png>]
LaTeX Font Info:    Trying to load font information for T1+cmtt on input line 279.
 (/usr/local/texlive/2022/texmf-dist/tex/latex/base/t1cmtt.fd
File: t1cmtt.fd 2019/12/16 v2.5j Standard LaTeX font definitions
) [6] (/usr/local/texlive/2022/texmf-dist/tex/latex/ucs/data/uni-32.def
File: uni-32.def 2013/05/13 UCS: Unicode data U+2000..U+20FF
) [7]
Underfull \hbox (badness 10000) in paragraph at lines 388--389
[]\T1/cmr/m/n/10 SX1507/SX1508/SX1509. 2025. \T1/cmr/m/it/10 Spark-fun \T1/cmr/m/n/10 [on-line]. [ac-cessed 2025-4-22]. Avail-able at:
 []


Underfull \hbox (badness 10000) in paragraph at lines 391--392
[]\T1/cmr/m/n/10 Pololu line sen-sor. 2025. \T1/cmr/m/it/10 Pololu.com \T1/cmr/m/n/10 [on-line]. [ac-cessed 2025-4-22]. Avail-able at:
 []

[8

] (/Users/marektatyrek/SynologyDrive/TECHNIC/SCHOOL/VUT/PŘEDMĚTY/8.SEMESTR/EMBEDDED REAL TIME CONTROL/report_template/report_template.aux)

LaTeX Warning: There were multiply-defined labels.

Package rerunfilecheck Info: File `report_template.out' has not changed.
(rerunfilecheck)             Checksum: C8100427512CFBB70316164DF0691E5C;2256.
 ) 
Here is how much of TeX's memory you used:
 16097 strings out of 478268
 254171 string characters out of 5846347
 761392 words of memory out of 5000000
 33990 multiletter control sequences out of 15000+600000
 476437 words of font info for 40 fonts, out of 8000000 for 9000
 1142 hyphenation exceptions out of 8191
 69i,6n,79p,526b,1859s stack positions out of 10000i,1000n,20000p,200000b,200000s
{/usr/local/texlive/2022/texmf-dist/fonts/enc/dvips/cm-super/cm-super-t1.enc}{/usr/local/texlive/2022/texmf-dist/fonts/enc/dvips/cm-super/cm-super-ts1.enc}</usr/local/texlive/2022/texmf-dist/fonts/type1/public/amsfonts/cm/cmmi10.pfb></usr/local/texlive/2022/texmf-dist/fonts/type1/public/amsfonts/cm/cmmi7.pfb></usr/local/texlive/2022/texmf-dist/fonts/type1/public/amsfonts/cm/cmr10.pfb></usr/local/texlive/2022/texmf-dist/fonts/type1/public/amsfonts/cm/cmr7.pfb></usr/local/texlive/2022/texmf-dist/fonts/type1/public/amsfonts/cm/cmsy10.pfb></usr/local/texlive/2022/texmf-dist/fonts/type1/public/amsfonts/cm/cmsy7.pfb></usr/local/texlive/2022/texmf-dist/fonts/type1/public/cm-super/sfbx1000.pfb></usr/local/texlive/2022/texmf-dist/fonts/type1/public/cm-super/sfbx1200.pfb></usr/local/texlive/2022/texmf-dist/fonts/type1/public/cm-super/sfbx1440.pfb></usr/local/texlive/2022/texmf-dist/fonts/type1/public/cm-super/sfrm0700.pfb></usr/local/texlive/2022/texmf-dist/fonts/type1/public/cm-super/sfrm1000.pfb></usr/local/texlive/2022/texmf-dist/fonts/type1/public/cm-super/sfrm1440.pfb></usr/local/texlive/2022/texmf-dist/fonts/type1/public/cm-super/sfti1000.pfb></usr/local/texlive/2022/texmf-dist/fonts/type1/public/cm-super/sftt1000.pfb>
Output written on "/Users/marektatyrek/SynologyDrive/TECHNIC/SCHOOL/VUT/PŘEDMĚTY/8.SEMESTR/EMBEDDED REAL TIME CONTROL/report_template/report_template.pdf" (9 pages, 1910052 bytes).
PDF statistics:
 347 PDF objects out of 1000 (max. 8388607)
 290 compressed objects within 3 object streams
 106 named destinations out of 1000 (max. 500000)
 180 words of extra memory for PDF output out of 10000 (max. 10000000)

